2015-03-24 12:10:24,842 [myid:] - INFO  [main:QuorumPeerConfig@103] - Reading configuration from: /home/UFAD/tbondre/hw6/lib/zookeeper-3.4.6/bin/../conf/zoo.cfg
2015-03-24 12:10:24,847 [myid:] - INFO  [main:DatadirCleanupManager@78] - autopurge.snapRetainCount set to 3
2015-03-24 12:10:24,847 [myid:] - INFO  [main:DatadirCleanupManager@79] - autopurge.purgeInterval set to 0
2015-03-24 12:10:24,847 [myid:] - INFO  [main:DatadirCleanupManager@101] - Purge task is not scheduled.
2015-03-24 12:10:24,848 [myid:] - WARN  [main:QuorumPeerMain@113] - Either no config or no quorum defined in config, running  in standalone mode
2015-03-24 12:10:24,870 [myid:] - INFO  [main:QuorumPeerConfig@103] - Reading configuration from: /home/UFAD/tbondre/hw6/lib/zookeeper-3.4.6/bin/../conf/zoo.cfg
2015-03-24 12:10:24,871 [myid:] - INFO  [main:ZooKeeperServerMain@95] - Starting server
2015-03-24 12:10:24,879 [myid:] - INFO  [main:Environment@100] - Server environment:zookeeper.version=3.4.6-1569965, built on 02/20/2014 09:09 GMT
2015-03-24 12:10:24,879 [myid:] - INFO  [main:Environment@100] - Server environment:host.name=ece-acis-dc091.acis.ufl.edu
2015-03-24 12:10:24,879 [myid:] - INFO  [main:Environment@100] - Server environment:java.version=1.7.0_51
2015-03-24 12:10:24,879 [myid:] - INFO  [main:Environment@100] - Server environment:java.vendor=Oracle Corporation
2015-03-24 12:10:24,879 [myid:] - INFO  [main:Environment@100] - Server environment:java.home=/usr/java/jdk1.7.0_51/jre
2015-03-24 12:10:24,880 [myid:] - INFO  [main:Environment@100] - Server environment:java.class.path=/home/UFAD/tbondre/hw6/lib/zookeeper-3.4.6/bin/../build/classes:/home/UFAD/tbondre/hw6/lib/zookeeper-3.4.6/bin/../build/lib/*.jar:/home/UFAD/tbondre/hw6/lib/zookeeper-3.4.6/bin/../lib/slf4j-log4j12-1.6.1.jar:/home/UFAD/tbondre/hw6/lib/zookeeper-3.4.6/bin/../lib/slf4j-api-1.6.1.jar:/home/UFAD/tbondre/hw6/lib/zookeeper-3.4.6/bin/../lib/netty-3.7.0.Final.jar:/home/UFAD/tbondre/hw6/lib/zookeeper-3.4.6/bin/../lib/log4j-1.2.16.jar:/home/UFAD/tbondre/hw6/lib/zookeeper-3.4.6/bin/../lib/jline-0.9.94.jar:/home/UFAD/tbondre/hw6/lib/zookeeper-3.4.6/bin/../zookeeper-3.4.6.jar:/home/UFAD/tbondre/hw6/lib/zookeeper-3.4.6/bin/../src/java/lib/*.jar:/home/UFAD/tbondre/hw6/lib/zookeeper-3.4.6/bin/../conf:
2015-03-24 12:10:24,880 [myid:] - INFO  [main:Environment@100] - Server environment:java.library.path=/usr/java/packages/lib/amd64:/usr/lib64:/lib64:/lib:/usr/lib
2015-03-24 12:10:24,880 [myid:] - INFO  [main:Environment@100] - Server environment:java.io.tmpdir=/tmp
2015-03-24 12:10:24,880 [myid:] - INFO  [main:Environment@100] - Server environment:java.compiler=<NA>
2015-03-24 12:10:24,882 [myid:] - INFO  [main:Environment@100] - Server environment:os.name=Linux
2015-03-24 12:10:24,882 [myid:] - INFO  [main:Environment@100] - Server environment:os.arch=amd64
2015-03-24 12:10:24,883 [myid:] - INFO  [main:Environment@100] - Server environment:os.version=2.6.32-504.1.3.el6.x86_64
2015-03-24 12:10:24,883 [myid:] - INFO  [main:Environment@100] - Server environment:user.name=tbondre
2015-03-24 12:10:24,883 [myid:] - INFO  [main:Environment@100] - Server environment:user.home=/home/UFAD/tbondre
2015-03-24 12:10:24,883 [myid:] - INFO  [main:Environment@100] - Server environment:user.dir=/home/UFAD/tbondre/hw6/lib/zookeeper-3.4.6
2015-03-24 12:10:24,890 [myid:] - INFO  [main:ZooKeeperServer@755] - tickTime set to 2000
2015-03-24 12:10:24,890 [myid:] - INFO  [main:ZooKeeperServer@764] - minSessionTimeout set to -1
2015-03-24 12:10:24,890 [myid:] - INFO  [main:ZooKeeperServer@773] - maxSessionTimeout set to -1
2015-03-24 12:10:24,961 [myid:] - INFO  [main:NIOServerCnxnFactory@94] - binding to port 0.0.0.0/0.0.0.0:2181
2015-03-24 12:10:24,966 [myid:] - ERROR [main:ZooKeeperServerMain@63] - Unexpected exception, exiting abnormally
java.net.BindException: Address already in use
	at sun.nio.ch.Net.bind0(Native Method)
	at sun.nio.ch.Net.bind(Net.java:444)
	at sun.nio.ch.Net.bind(Net.java:436)
	at sun.nio.ch.ServerSocketChannelImpl.bind(ServerSocketChannelImpl.java:214)
	at sun.nio.ch.ServerSocketAdaptor.bind(ServerSocketAdaptor.java:74)
	at sun.nio.ch.ServerSocketAdaptor.bind(ServerSocketAdaptor.java:67)
	at org.apache.zookeeper.server.NIOServerCnxnFactory.configure(NIOServerCnxnFactory.java:95)
	at org.apache.zookeeper.server.ZooKeeperServerMain.runFromConfig(ZooKeeperServerMain.java:111)
	at org.apache.zookeeper.server.ZooKeeperServerMain.initializeAndRun(ZooKeeperServerMain.java:86)
	at org.apache.zookeeper.server.ZooKeeperServerMain.main(ZooKeeperServerMain.java:52)
	at org.apache.zookeeper.server.quorum.QuorumPeerMain.initializeAndRun(QuorumPeerMain.java:116)
	at org.apache.zookeeper.server.quorum.QuorumPeerMain.main(QuorumPeerMain.java:78)
